\BOOKMARK [1][-]{section.1}{\376\377\000I\000m\000a\000g\000e\000\040\000F\000i\000l\000t\000e\000r\000i\000n\000g}{}% 1
\BOOKMARK [2][-]{subsection.1.1}{\376\377\000C\000o\000n\000v\000o\000l\000u\000t\000i\000o\000n}{section.1}% 2
\BOOKMARK [2][-]{subsection.1.2}{\376\377\000S\000m\000o\000o\000t\000h\000i\000n\000g}{section.1}% 3
\BOOKMARK [2][-]{subsection.1.3}{\376\377\000S\000e\000p\000a\000r\000a\000b\000l\000e\000\040\000f\000i\000l\000t\000e\000r}{section.1}% 4
\BOOKMARK [2][-]{subsection.1.4}{\376\377\000M\000e\000d\000i\000a\000n\000\040\000f\000i\000l\000t\000e\000r\000i\000n\000g}{section.1}% 5
\BOOKMARK [1][-]{section.2}{\376\377\000E\000d\000g\000e\000\040\000d\000e\000t\000e\000c\000t\000i\000o\000n}{}% 6
\BOOKMARK [2][-]{subsection.2.1}{\376\377\000C\000a\000n\000n\000y\000\040\000E\000d\000g\000e\000\040\000d\000e\000t\000e\000c\000t\000i\000o\000n}{section.2}% 7
\BOOKMARK [2][-]{subsection.2.2}{\376\377\000N\000M\000S}{section.2}% 8
\BOOKMARK [2][-]{subsection.2.3}{\376\377\000T\000h\000r\000e\000s\000h\000o\000l\000d\000i\000n\000g}{section.2}% 9
\BOOKMARK [1][-]{section.3}{\376\377\000F\000e\000a\000t\000u\000r\000e\000/\000I\000n\000t\000e\000r\000e\000s\000t\000\040\000p\000o\000i\000n\000t\000\040\000d\000e\000t\000e\000c\000t\000i\000o\000n\000\040\000a\000n\000d\000\040\000d\000e\000s\000c\000r\000i\000p\000t\000i\000o\000n}{}% 10
\BOOKMARK [2][-]{subsection.3.1}{\376\377\000H\000o\000u\000g\000h\000\040\000T\000r\000a\000n\000s\000f\000o\000r\000m}{section.3}% 11
\BOOKMARK [2][-]{subsection.3.2}{\376\377\000H\000a\000r\000r\000i\000s\000\040\000C\000o\000r\000n\000e\000r\000\040\000D\000e\000t\000e\000c\000t\000o\000r}{section.3}% 12
\BOOKMARK [2][-]{subsection.3.3}{\376\377\000S\000c\000a\000l\000e\000-\000i\000n\000v\000a\000r\000i\000a\000n\000t\000\040\000H\000a\000r\000r\000i\000s\000\040\000C\000o\000r\000n\000e\000r\000\040\000D\000e\000t\000e\000c\000t\000o\000r}{section.3}% 13
\BOOKMARK [2][-]{subsection.3.4}{\376\377\000D\000o\000G}{section.3}% 14
\BOOKMARK [2][-]{subsection.3.5}{\376\377\000F\000e\000a\000t\000u\000r\000e\000\040\000d\000e\000s\000c\000r\000i\000p\000t\000i\000o\000n}{section.3}% 15
\BOOKMARK [2][-]{subsection.3.6}{\376\377\000S\000I\000F\000T}{section.3}% 16
\BOOKMARK [2][-]{subsection.3.7}{\376\377\000R\000A\000N\000S\000A\000C}{section.3}% 17
\BOOKMARK [2][-]{subsection.3.8}{\376\377\000S\000U\000R\000F}{section.3}% 18
\BOOKMARK [2][-]{subsection.3.9}{\376\377\000B\000R\000I\000E\000F}{section.3}% 19
\BOOKMARK [1][-]{section.4}{\376\377\000I\000m\000a\000g\000e\000\040\000c\000l\000a\000s\000s\000i\000f\000i\000c\000a\000t\000i\000o\000n\000,\000\040\000d\000e\000t\000e\000c\000t\000i\000o\000n\000\040\000a\000n\000d\000\040\000s\000e\000g\000m\000e\000n\000t\000a\000t\000i\000o\000n}{}% 20
\BOOKMARK [2][-]{subsection.4.1}{\376\377\000H\000O\000G}{section.4}% 21
\BOOKMARK [2][-]{subsection.4.2}{\376\377\000I\000m\000a\000g\000e\000\040\000c\000l\000a\000s\000s\000i\000f\000i\000c\000a\000t\000i\000o\000n}{section.4}% 22
\BOOKMARK [2][-]{subsection.4.3}{\376\377\000N\000e\000u\000r\000a\000l\000\040\000n\000e\000t\000w\000o\000r\000k\000s}{section.4}% 23
\BOOKMARK [1][-]{section.5}{\376\377\000M\000o\000t\000i\000o\000n\000\040\000e\000s\000t\000i\000m\000a\000t\000i\000o\000n}{}% 24
\BOOKMARK [2][-]{subsection.5.1}{\376\377\000O\000p\000t\000i\000c\000\040\000f\000l\000o\000w}{section.5}% 25
\BOOKMARK [2][-]{subsection.5.2}{\376\377\000L\000u\000c\000a\000s\000-\000K\000a\000n\000a\000d\000e\000\040\000m\000e\000t\000h\000o\000d}{section.5}% 26
\BOOKMARK [2][-]{subsection.5.3}{\376\377\000M\000u\000l\000t\000i\000-\000s\000c\000a\000l\000e\000\040\000f\000r\000a\000m\000e\000w\000o\000r\000k}{section.5}% 27
\BOOKMARK [2][-]{subsection.5.4}{\376\377\000M\000u\000l\000t\000i\000-\000s\000c\000a\000l\000e\000\040\000L\000u\000c\000a\000s\000-\000K\000a\000n\000a\000d\000e\000\040\000m\000e\000t\000h\000o\000d}{section.5}% 28
\BOOKMARK [2][-]{subsection.5.5}{\376\377\000H\000o\000r\000n\000-\000S\000c\000h\000u\000n\000c\000k\000\040\000m\000e\000t\000h\000o\000d}{section.5}% 29
\BOOKMARK [2][-]{subsection.5.6}{\376\377\000F\000l\000o\000w\000\040\000e\000v\000a\000l\000u\000a\000t\000i\000o\000n}{section.5}% 30
\BOOKMARK [1][-]{section.6}{\376\377\000M\000o\000t\000i\000o\000n\000\040\000t\000r\000a\000c\000k\000i\000n\000g}{}% 31
